This is pdfTeX, Version 3.14159265-2.6-1.40.15 (TeX Live 2015/dev/Debian) (preloaded format=pdflatex 2017.3.10)  15 JUN 2017 17:30
entering extended mode
 restricted \write18 enabled.
 %&-line parsing enabled.
**derivation.tex
(./derivation.tex
LaTeX2e <2014/05/01>
Babel <3.9l> and hyphenation patterns for 79 languages loaded.
(/usr/share/texlive/texmf-dist/tex/latex/base/article.cls
Document Class: article 2014/09/29 v1.4h Standard LaTeX document class
(/usr/share/texlive/texmf-dist/tex/latex/base/size10.clo
File: size10.clo 2014/09/29 v1.4h Standard LaTeX file (size option)
)
\c@part=\count79
\c@section=\count80
\c@subsection=\count81
\c@subsubsection=\count82
\c@paragraph=\count83
\c@subparagraph=\count84
\c@figure=\count85
\c@table=\count86
\abovecaptionskip=\skip41
\belowcaptionskip=\skip42
\bibindent=\dimen102
)
(/usr/share/texlive/texmf-dist/tex/latex/preprint/fullpage.sty
Package: fullpage 1999/02/23 1.1 (PWD)
\FP@margin=\skip43
)
(/usr/share/texlive/texmf-dist/tex/latex/graphics/color.sty
Package: color 2014/04/23 v1.1a Standard LaTeX Color (DPC)

(/usr/share/texlive/texmf-dist/tex/latex/latexconfig/color.cfg
File: color.cfg 2007/01/18 v1.5 color configuration of teTeX/TeXLive
)
Package color Info: Driver file: pdftex.def on input line 137.

(/usr/share/texlive/texmf-dist/tex/latex/pdftex-def/pdftex.def
File: pdftex.def 2011/05/27 v0.06d Graphics/color for pdfTeX

(/usr/share/texlive/texmf-dist/tex/generic/oberdiek/infwarerr.sty
Package: infwarerr 2010/04/08 v1.3 Providing info/warning/error messages (HO)
)
(/usr/share/texlive/texmf-dist/tex/generic/oberdiek/ltxcmds.sty
Package: ltxcmds 2011/11/09 v1.22 LaTeX kernel commands for general use (HO)
)
\Gread@gobject=\count87
))
(/usr/share/texlive/texmf-dist/tex/latex/preprint/authblk.sty
Package: authblk 2001/02/27 1.3 (PWD)
\affilsep=\skip44
\@affilsep=\skip45
\c@Maxaffil=\count88
\c@authors=\count89
\c@affil=\count90
)
(/usr/share/texlive/texmf-dist/tex/latex/amsmath/amsmath.sty
Package: amsmath 2013/01/14 v2.14 AMS math features
\@mathmargin=\skip46

For additional information on amsmath, use the `?' option.
(/usr/share/texlive/texmf-dist/tex/latex/amsmath/amstext.sty
Package: amstext 2000/06/29 v2.01

(/usr/share/texlive/texmf-dist/tex/latex/amsmath/amsgen.sty
File: amsgen.sty 1999/11/30 v2.0
\@emptytoks=\toks14
\ex@=\dimen103
))
(/usr/share/texlive/texmf-dist/tex/latex/amsmath/amsbsy.sty
Package: amsbsy 1999/11/29 v1.2d
\pmbraise@=\dimen104
)
(/usr/share/texlive/texmf-dist/tex/latex/amsmath/amsopn.sty
Package: amsopn 1999/12/14 v2.01 operator names
)
\inf@bad=\count91
LaTeX Info: Redefining \frac on input line 210.
\uproot@=\count92
\leftroot@=\count93
LaTeX Info: Redefining \overline on input line 306.
\classnum@=\count94
\DOTSCASE@=\count95
LaTeX Info: Redefining \ldots on input line 378.
LaTeX Info: Redefining \dots on input line 381.
LaTeX Info: Redefining \cdots on input line 466.
\Mathstrutbox@=\box26
\strutbox@=\box27
\big@size=\dimen105
LaTeX Font Info:    Redeclaring font encoding OML on input line 566.
LaTeX Font Info:    Redeclaring font encoding OMS on input line 567.
\macc@depth=\count96
\c@MaxMatrixCols=\count97
\dotsspace@=\muskip10
\c@parentequation=\count98
\dspbrk@lvl=\count99
\tag@help=\toks15
\row@=\count100
\column@=\count101
\maxfields@=\count102
\andhelp@=\toks16
\eqnshift@=\dimen106
\alignsep@=\dimen107
\tagshift@=\dimen108
\tagwidth@=\dimen109
\totwidth@=\dimen110
\lineht@=\dimen111
\@envbody=\toks17
\multlinegap=\skip47
\multlinetaggap=\skip48
\mathdisplay@stack=\toks18
LaTeX Info: Redefining \[ on input line 2665.
LaTeX Info: Redefining \] on input line 2666.
)

LaTeX Warning: Unused global option(s):
    [14pt].

(./derivation.aux)
\openout1 = `derivation.aux'.

LaTeX Font Info:    Checking defaults for OML/cmm/m/it on input line 6.
LaTeX Font Info:    ... okay on input line 6.
LaTeX Font Info:    Checking defaults for T1/cmr/m/n on input line 6.
LaTeX Font Info:    ... okay on input line 6.
LaTeX Font Info:    Checking defaults for OT1/cmr/m/n on input line 6.
LaTeX Font Info:    ... okay on input line 6.
LaTeX Font Info:    Checking defaults for OMS/cmsy/m/n on input line 6.
LaTeX Font Info:    ... okay on input line 6.
LaTeX Font Info:    Checking defaults for OMX/cmex/m/n on input line 6.
LaTeX Font Info:    ... okay on input line 6.
LaTeX Font Info:    Checking defaults for U/cmr/m/n on input line 6.
LaTeX Font Info:    ... okay on input line 6.

(/usr/share/texlive/texmf-dist/tex/context/base/supp-pdf.mkii
[Loading MPS to PDF converter (version 2006.09.02).]
\scratchcounter=\count103
\scratchdimen=\dimen112
\scratchbox=\box28
\nofMPsegments=\count104
\nofMParguments=\count105
\everyMPshowfont=\toks19
\MPscratchCnt=\count106
\MPscratchDim=\dimen113
\MPnumerator=\count107
\makeMPintoPDFobject=\count108
\everyMPtoPDFconversion=\toks20
) [1

{/var/lib/texmf/fonts/map/pdftex/updmap/pdftex.map}]
LaTeX Font Info:    Try loading font information for OMS+cmr on input line 48.

(/usr/share/texlive/texmf-dist/tex/latex/base/omscmr.fd
File: omscmr.fd 2014/09/29 v2.5h Standard LaTeX font definitions
)
LaTeX Font Info:    Font shape `OMS/cmr/m/n' in size <10> not available
(Font)              Font shape `OMS/cmsy/m/n' tried instead on input line 48.

Underfull \hbox (badness 10000) in paragraph at lines 55--57

 []


Underfull \hbox (badness 10000) in paragraph at lines 57--58

 []


Underfull \hbox (badness 10000) in paragraph at lines 62--64

 []


Underfull \hbox (badness 10000) in paragraph at lines 65--67

 []

! Missing $ inserted.
<inserted text> 
                $
l.71     $\beta
               _{1} N_{1}$ & 0 \\
? 
! Missing $ inserted.
<inserted text> 
                $
l.71     $\beta_{1} N_{1}$ &
                             0 \\
? 
! Missing $ inserted.
<inserted text> 
                $
l.72     0 & $\beta
                   _{2} N_{2}$ \\
? 
! Missing $ inserted.
<inserted text> 
                $
l.72     0 & $\beta_{2} N_{2}$ \\
                                 
? 
! Missing $ inserted.
<inserted text> 
                $
l.79     $-\gamma
                  -\mu - \epsilon$ & $\epsilon$ \\
? 
! Missing $ inserted.
<inserted text> 
                $
l.79     $-\gamma -\mu - \epsilon$ &
                                     $\epsilon$ \\
? 
! Missing $ inserted.
<inserted text> 
                $
l.79     $-\gamma -\mu - \epsilon$ & $\epsilon
                                              $ \\
? 
! Missing $ inserted.
<inserted text> 
                $
l.79     $-\gamma -\mu - \epsilon$ & $\epsilon$ \\
                                                  
? 
! Missing $ inserted.
<inserted text> 
                $
l.80     $\epsilon
                  $ & $-\gamma -\mu -\epsilon$ \\
? 
! Missing $ inserted.
<inserted text> 
                $
l.80     $\epsilon$ &
                      $-\gamma -\mu -\epsilon$ \\
? 
! Missing $ inserted.
<inserted text> 
                $
l.80     $\epsilon$ & $-\gamma
                               -\mu -\epsilon$ \\
? 
! Missing $ inserted.
<inserted text> 
                $
l.80     $\epsilon$ & $-\gamma -\mu -\epsilon$ \\
                                                 
? 

Underfull \hbox (badness 10000) in paragraph at lines 90--91

 []

[2]
! Undefined control sequence.
l.101   $$V_{1}=-\mu E_{1} -\sigma \E
                                     _{1}, V_{2}=\sigma E_{1} -\gamma I_{1} ...

? 
! Missing $ inserted.
<inserted text> 
                $
l.102 ...$\mathcal{V}$ at DFE \textit{S_{1}=N_{1}}
                                                   \newline
? 
! Extra }, or forgotten $.
<recently read> \egroup 
                        
l.102 ...$\mathcal{V}$ at DFE \textit{S_{1}=N_{1}}
                                                   \newline
? 
! Missing $ inserted.
<inserted text> 
                $
l.103 \center
             
? 
! Missing } inserted.
<inserted text> 
                }
l.103 \center
             
? 
! Missing $ inserted.
<inserted text> 
                $
l.107     0 & $\beta
                    _{1} N_{1}$ \\
? 
! Missing $ inserted.
<inserted text> 
                $
l.107     0 & $\beta_{1} N_{1}$ \\
                                  
? 
! Missing $ inserted.
<inserted text> 
                $
l.115     $ -\sigma
                    -\mu$ & 0  \\
? 
! Missing $ inserted.
<inserted text> 
                $
l.115     $ -\sigma -\mu$ &
                            0  \\
? 
! Missing $ inserted.
<inserted text> 
                $
l.116     $\sigma
                 $ & $-\gamma -\mu$ \\
? 
! Missing $ inserted.
<inserted text> 
                $
l.116     $\sigma$ &
                     $-\gamma -\mu$ \\
? 
! Missing $ inserted.
<inserted text> 
                $
l.116     $\sigma$ & $-\gamma
                              -\mu$ \\
? 
! Missing $ inserted.
<inserted text> 
                $
l.116     $\sigma$ & $-\gamma -\mu$ \\
                                      
? 
! Undefined control sequence.
l.127 ...\epsilon E_{2} -\epsilon E_{1} -\sigma \E
                                                  _{1}, V_{2}=\sigma E_{1} -...

? 
! Undefined control sequence.
l.128 ...\epsilon E_{1} -\epsilon E_{2} -\sigma \E
                                                  _{2}, V_{4}=\sigma E_{2} -...

? 
! Missing $ inserted.
<inserted text> 
                $
l.130 ... DFE \textit{S_{1}=N_{1} and S_{2}=I_{2}}
                                                   \newline
? 
! Extra }, or forgotten $.
<recently read> \egroup 
                        
l.130 ... DFE \textit{S_{1}=N_{1} and S_{2}=I_{2}}
                                                   \newline
? 
! Missing $ inserted.
<inserted text> 
                $
l.131 
      
? 
! Missing } inserted.
<inserted text> 
                }
l.131 
      
? 
! Missing $ inserted.
<inserted text> 
                $
l.136     0 & $\beta
                    _{1} N_{1}$ & 0 &   0 \\
? 
! Missing $ inserted.
<inserted text> 
                $
l.136     0 & $\beta_{1} N_{1}$ &
                                  0 &   0 \\
? 
! Missing $ inserted.
<inserted text> 
                $
l.138     0 &  0                & 0 &  $\beta
                                             _{2} N_{2}$ \\
? 
! Missing $ inserted.
<inserted text> 
                $
l.138 ...              & 0 &  $\beta_{2} N_{2}$ \\
                                                  
? 
! Missing $ inserted.
<inserted text> 
                $
l.147     $ -\sigma
                    -\mu -\epsilon$  & 0 & $\epsilon $ & 0  \\
? 
! Missing $ inserted.
<inserted text> 
                $
l.147     $ -\sigma -\mu -\epsilon$  &
                                       0 & $\epsilon $ & 0  \\
? 
! Missing $ inserted.
<inserted text> 
                $
l.147 ... -\sigma -\mu -\epsilon$  & 0 & $\epsilon
                                                   $ & 0  \\
? 
! Missing $ inserted.
<inserted text> 
                $
l.147 ...igma -\mu -\epsilon$  & 0 & $\epsilon $ &
                                                   0  \\
? 
! Missing $ inserted.
<inserted text> 
                $
l.148     $\sigma
                 $ & $-\gamma -\mu$  & 0 & 0 \\
? 
! Missing $ inserted.
<inserted text> 
                $
l.148     $\sigma$ &
                     $-\gamma -\mu$  & 0 & 0 \\
? 
! Missing $ inserted.
<inserted text> 
                $
l.148     $\sigma$ & $-\gamma
                              -\mu$  & 0 & 0 \\
? 
! Missing $ inserted.
<inserted text> 
                $
l.148     $\sigma$ & $-\gamma -\mu$  &
                                       0 & 0 \\
? 
! Missing $ inserted.
<inserted text> 
                $
l.149     $\epsilon
                   $ & 0 & $-\sigma -\epsilon -\mu$ & 0 \\
? 
! Missing $ inserted.
<inserted text> 
                $
l.149     $\epsilon$ &
                       0 & $-\sigma -\epsilon -\mu$ & 0 \\
? 
! Missing $ inserted.
<inserted text> 
                $
l.149     $\epsilon$ & 0 & $-\sigma
                                    -\epsilon -\mu$ & 0 \\
? 
! Missing $ inserted.
<inserted text> 
                $
l.149 ...epsilon$ & 0 & $-\sigma -\epsilon -\mu$ &
                                                   0 \\
? 
! Missing $ inserted.
<inserted text> 
                $
l.150     0 & 0 & $\sigma
                         $ & $-\mu -\gamma$
? 
! Missing $ inserted.
<inserted text> 
                $
l.150     0 & 0 & $\sigma$ &
                             $-\mu -\gamma$
? 
! Missing $ inserted.
<inserted text> 
                $
l.150     0 & 0 & $\sigma$ & $-\mu
                                   -\gamma$
? 
! Missing $ inserted.
<inserted text> 
                $
l.151   \end{bmatrix}
                     
? 
[3] [4] (./derivation.aux) ) 
Here is how much of TeX's memory you used:
 1674 strings out of 493105
 20725 string characters out of 6137072
 84704 words of memory out of 5000000
 5168 multiletter control sequences out of 15000+600000
 8589 words of font info for 31 fonts, out of 8000000 for 9000
 1141 hyphenation exceptions out of 8191
 27i,7n,20p,332b,221s stack positions out of 5000i,500n,10000p,200000b,80000s
</usr/share/texlive/texmf-dist/fonts/type1/public/a
msfonts/cm/cmbx10.pfb></usr/share/texlive/texmf-dist/fonts/type1/public/amsfont
s/cm/cmbx12.pfb></usr/share/texlive/texmf-dist/fonts/type1/public/amsfonts/cm/c
mex10.pfb></usr/share/texlive/texmf-dist/fonts/type1/public/amsfonts/cm/cmmi10.
pfb></usr/share/texlive/texmf-dist/fonts/type1/public/amsfonts/cm/cmmi12.pfb></
usr/share/texlive/texmf-dist/fonts/type1/public/amsfonts/cm/cmmi7.pfb></usr/sha
re/texlive/texmf-dist/fonts/type1/public/amsfonts/cm/cmr10.pfb></usr/share/texl
ive/texmf-dist/fonts/type1/public/amsfonts/cm/cmr12.pfb></usr/share/texlive/tex
mf-dist/fonts/type1/public/amsfonts/cm/cmr7.pfb></usr/share/texlive/texmf-dist/
fonts/type1/public/amsfonts/cm/cmsy10.pfb></usr/share/texlive/texmf-dist/fonts/
type1/public/amsfonts/cm/cmsy7.pfb></usr/share/texlive/texmf-dist/fonts/type1/p
ublic/amsfonts/cm/cmti10.pfb></usr/share/texlive/texmf-dist/fonts/type1/public/
amsfonts/cm/cmti12.pfb>
Output written on derivation.pdf (4 pages, 150426 bytes).
PDF statistics:
 69 PDF objects out of 1000 (max. 8388607)
 49 compressed objects within 1 object stream
 0 named destinations out of 1000 (max. 500000)
 1 words of extra memory for PDF output out of 10000 (max. 10000000)

