This is pdfTeX, Version 3.14159265-2.6-1.40.15 (TeX Live 2015/dev/Debian) (preloaded format=pdflatex 2017.6.13)  8 JUL 2017 12:05
entering extended mode
 restricted \write18 enabled.
 %&-line parsing enabled.
**paper.tex
(./paper.tex
LaTeX2e <2014/05/01>
Babel <3.9l> and hyphenation patterns for 79 languages loaded.
(/usr/share/texlive/texmf-dist/tex/latex/base/article.cls
Document Class: article 2014/09/29 v1.4h Standard LaTeX document class
(/usr/share/texlive/texmf-dist/tex/latex/base/size10.clo
File: size10.clo 2014/09/29 v1.4h Standard LaTeX file (size option)
)
\c@part=\count79
\c@section=\count80
\c@subsection=\count81
\c@subsubsection=\count82
\c@paragraph=\count83
\c@subparagraph=\count84
\c@figure=\count85
\c@table=\count86
\abovecaptionskip=\skip41
\belowcaptionskip=\skip42
\bibindent=\dimen102
)
(/usr/share/texlive/texmf-dist/tex/latex/graphics/graphicx.sty
Package: graphicx 2014/04/25 v1.0g Enhanced LaTeX Graphics (DPC,SPQR)

(/usr/share/texlive/texmf-dist/tex/latex/graphics/keyval.sty
Package: keyval 2014/05/08 v1.15 key=value parser (DPC)
\KV@toks@=\toks14
)
(/usr/share/texlive/texmf-dist/tex/latex/graphics/graphics.sty
Package: graphics 2009/02/05 v1.0o Standard LaTeX Graphics (DPC,SPQR)

(/usr/share/texlive/texmf-dist/tex/latex/graphics/trig.sty
Package: trig 1999/03/16 v1.09 sin cos tan (DPC)
)
(/usr/share/texlive/texmf-dist/tex/latex/latexconfig/graphics.cfg
File: graphics.cfg 2010/04/23 v1.9 graphics configuration of TeX Live
)
Package graphics Info: Driver file: pdftex.def on input line 91.

(/usr/share/texlive/texmf-dist/tex/latex/pdftex-def/pdftex.def
File: pdftex.def 2011/05/27 v0.06d Graphics/color for pdfTeX

(/usr/share/texlive/texmf-dist/tex/generic/oberdiek/infwarerr.sty
Package: infwarerr 2010/04/08 v1.3 Providing info/warning/error messages (HO)
)
(/usr/share/texlive/texmf-dist/tex/generic/oberdiek/ltxcmds.sty
Package: ltxcmds 2011/11/09 v1.22 LaTeX kernel commands for general use (HO)
)
\Gread@gobject=\count87
))
\Gin@req@height=\dimen103
\Gin@req@width=\dimen104
)
(/usr/share/texlive/texmf-dist/tex/latex/amsmath/amsmath.sty
Package: amsmath 2013/01/14 v2.14 AMS math features
\@mathmargin=\skip43

For additional information on amsmath, use the `?' option.
(/usr/share/texlive/texmf-dist/tex/latex/amsmath/amstext.sty
Package: amstext 2000/06/29 v2.01

(/usr/share/texlive/texmf-dist/tex/latex/amsmath/amsgen.sty
File: amsgen.sty 1999/11/30 v2.0
\@emptytoks=\toks15
\ex@=\dimen105
))
(/usr/share/texlive/texmf-dist/tex/latex/amsmath/amsbsy.sty
Package: amsbsy 1999/11/29 v1.2d
\pmbraise@=\dimen106
)
(/usr/share/texlive/texmf-dist/tex/latex/amsmath/amsopn.sty
Package: amsopn 1999/12/14 v2.01 operator names
)
\inf@bad=\count88
LaTeX Info: Redefining \frac on input line 210.
\uproot@=\count89
\leftroot@=\count90
LaTeX Info: Redefining \overline on input line 306.
\classnum@=\count91
\DOTSCASE@=\count92
LaTeX Info: Redefining \ldots on input line 378.
LaTeX Info: Redefining \dots on input line 381.
LaTeX Info: Redefining \cdots on input line 466.
\Mathstrutbox@=\box26
\strutbox@=\box27
\big@size=\dimen107
LaTeX Font Info:    Redeclaring font encoding OML on input line 566.
LaTeX Font Info:    Redeclaring font encoding OMS on input line 567.
\macc@depth=\count93
\c@MaxMatrixCols=\count94
\dotsspace@=\muskip10
\c@parentequation=\count95
\dspbrk@lvl=\count96
\tag@help=\toks16
\row@=\count97
\column@=\count98
\maxfields@=\count99
\andhelp@=\toks17
\eqnshift@=\dimen108
\alignsep@=\dimen109
\tagshift@=\dimen110
\tagwidth@=\dimen111
\totwidth@=\dimen112
\lineht@=\dimen113
\@envbody=\toks18
\multlinegap=\skip44
\multlinetaggap=\skip45
\mathdisplay@stack=\toks19
LaTeX Info: Redefining \[ on input line 2665.
LaTeX Info: Redefining \] on input line 2666.
)
(/usr/share/texlive/texmf-dist/tex/latex/float/float.sty
Package: float 2001/11/08 v1.3d Float enhancements (AL)
\c@float@type=\count100
\float@exts=\toks20
\float@box=\box28
\@float@everytoks=\toks21
\@floatcapt=\box29
) (./paper.aux

LaTeX Warning: Label `fig:SIR_des' multiply defined.

)
\openout1 = `paper.aux'.

LaTeX Font Info:    Checking defaults for OML/cmm/m/it on input line 5.
LaTeX Font Info:    ... okay on input line 5.
LaTeX Font Info:    Checking defaults for T1/cmr/m/n on input line 5.
LaTeX Font Info:    ... okay on input line 5.
LaTeX Font Info:    Checking defaults for OT1/cmr/m/n on input line 5.
LaTeX Font Info:    ... okay on input line 5.
LaTeX Font Info:    Checking defaults for OMS/cmsy/m/n on input line 5.
LaTeX Font Info:    ... okay on input line 5.
LaTeX Font Info:    Checking defaults for OMX/cmex/m/n on input line 5.
LaTeX Font Info:    ... okay on input line 5.
LaTeX Font Info:    Checking defaults for U/cmr/m/n on input line 5.
LaTeX Font Info:    ... okay on input line 5.
 (/usr/share/texlive/texmf-dist/tex/context/base/supp-pdf.mkii
[Loading MPS to PDF converter (version 2006.09.02).]
\scratchcounter=\count101
\scratchdimen=\dimen114
\scratchbox=\box30
\nofMPsegments=\count102
\nofMParguments=\count103
\everyMPshowfont=\toks22
\MPscratchCnt=\count104
\MPscratchDim=\dimen115
\MPnumerator=\count105
\makeMPintoPDFobject=\count106
\everyMPtoPDFconversion=\toks23
) (/usr/share/texlive/texmf-dist/tex/generic/oberdiek/pdftexcmds.sty
Package: pdftexcmds 2011/11/29 v0.20 Utility functions of pdfTeX for LuaTeX (HO
)

(/usr/share/texlive/texmf-dist/tex/generic/oberdiek/ifluatex.sty
Package: ifluatex 2010/03/01 v1.3 Provides the ifluatex switch (HO)
Package ifluatex Info: LuaTeX not detected.
)
(/usr/share/texlive/texmf-dist/tex/generic/oberdiek/ifpdf.sty
Package: ifpdf 2011/01/30 v2.3 Provides the ifpdf switch (HO)
Package ifpdf Info: pdfTeX in PDF mode is detected.
)
Package pdftexcmds Info: LuaTeX not detected.
Package pdftexcmds Info: \pdf@primitive is available.
Package pdftexcmds Info: \pdf@ifprimitive is available.
Package pdftexcmds Info: \pdfdraftmode found.
)
(/usr/share/texlive/texmf-dist/tex/latex/oberdiek/epstopdf-base.sty
Package: epstopdf-base 2010/02/09 v2.5 Base part for package epstopdf

(/usr/share/texlive/texmf-dist/tex/latex/oberdiek/grfext.sty
Package: grfext 2010/08/19 v1.1 Manage graphics extensions (HO)

(/usr/share/texlive/texmf-dist/tex/generic/oberdiek/kvdefinekeys.sty
Package: kvdefinekeys 2011/04/07 v1.3 Define keys (HO)
))
(/usr/share/texlive/texmf-dist/tex/latex/oberdiek/kvoptions.sty
Package: kvoptions 2011/06/30 v3.11 Key value format for package options (HO)

(/usr/share/texlive/texmf-dist/tex/generic/oberdiek/kvsetkeys.sty
Package: kvsetkeys 2012/04/25 v1.16 Key value parser (HO)

(/usr/share/texlive/texmf-dist/tex/generic/oberdiek/etexcmds.sty
Package: etexcmds 2011/02/16 v1.5 Avoid name clashes with e-TeX commands (HO)
Package etexcmds Info: Could not find \expanded.
(etexcmds)             That can mean that you are not using pdfTeX 1.50 or
(etexcmds)             that some package has redefined \expanded.
(etexcmds)             In the latter case, load this package earlier.
)))
Package grfext Info: Graphics extension search list:
(grfext)             [.png,.pdf,.jpg,.mps,.jpeg,.jbig2,.jb2,.PNG,.PDF,.JPG,.JPE
G,.JBIG2,.JB2,.eps]
(grfext)             \AppendGraphicsExtensions on input line 452.

(/usr/share/texlive/texmf-dist/tex/latex/latexconfig/epstopdf-sys.cfg
File: epstopdf-sys.cfg 2010/07/13 v1.3 Configuration of (r)epstopdf for TeX Liv
e
))

LaTeX Warning: No \author given.

Package epstopdf Info: Source file: <Figures_Tables/sir_im.eps>
(epstopdf)                    date: 2017-06-30 10:36:15
(epstopdf)                    size: 29949 bytes
(epstopdf)             Output file: <Figures_Tables/sir_im-eps-converted-to.pdf
>
(epstopdf)                    date: 2017-07-04 06:08:28
(epstopdf)                    size: 15195 bytes
(epstopdf)             Command: <repstopdf --outfile=Figures_Tables/sir_im-eps-
converted-to.pdf Figures_Tables/sir_im.eps>
(epstopdf)             \includegraphics on input line 45.
Package epstopdf Info: Output file is already uptodate.
<Figures_Tables/sir_im-eps-converted-to.pdf, id=1, 796.9775pt x 597.23125pt>
File: Figures_Tables/sir_im-eps-converted-to.pdf Graphic file (type pdf)

<use Figures_Tables/sir_im-eps-converted-to.pdf>
Package pdftex.def Info: Figures_Tables/sir_im-eps-converted-to.pdf used on inp
ut line 45.
(pdftex.def)             Requested size: 345.0pt x 258.52678pt.


LaTeX Warning: `!h' float specifier changed to `!ht'.

[1

{/var/lib/texmf/fonts/map/pdftex/updmap/pdftex.map}] [2 <./Figures_Tables/sir_i
m-eps-converted-to.pdf>]
Package epstopdf Info: Source file: <Figures_Tables/seir_im.eps>
(epstopdf)                    date: 2017-06-30 10:40:55
(epstopdf)                    size: 33164 bytes
(epstopdf)             Output file: <Figures_Tables/seir_im-eps-converted-to.pd
f>
(epstopdf)                    date: 2017-07-05 09:43:22
(epstopdf)                    size: 15713 bytes
(epstopdf)             Command: <repstopdf --outfile=Figures_Tables/seir_im-eps
-converted-to.pdf Figures_Tables/seir_im.eps>
(epstopdf)             \includegraphics on input line 130.
Package epstopdf Info: Output file is already uptodate.

<Figures_Tables/seir_im-eps-converted-to.pdf, id=21, 796.9775pt x 597.23125pt>
File: Figures_Tables/seir_im-eps-converted-to.pdf Graphic file (type pdf)

<use Figures_Tables/seir_im-eps-converted-to.pdf>
Package pdftex.def Info: Figures_Tables/seir_im-eps-converted-to.pdf used on in
put line 130.
(pdftex.def)             Requested size: 345.0pt x 258.52678pt.


LaTeX Warning: `!h' float specifier changed to `!ht'.

[3] [4 <./Figures_Tables/seir_im-eps-converted-to.pdf>]
Package epstopdf Info: Source file: <Figures_Tables/sir_1inf.eps>
(epstopdf)                    date: 2017-06-30 17:46:50
(epstopdf)                    size: 53371 bytes
(epstopdf)             Output file: <Figures_Tables/sir_1inf-eps-converted-to.p
df>
(epstopdf)                    date: 2017-07-05 10:09:00
(epstopdf)                    size: 33830 bytes
(epstopdf)             Command: <repstopdf --outfile=Figures_Tables/sir_1inf-ep
s-converted-to.pdf Figures_Tables/sir_1inf.eps>
(epstopdf)             \includegraphics on input line 178.
Package epstopdf Info: Output file is already uptodate.

<Figures_Tables/sir_1inf-eps-converted-to.pdf, id=32, 1232.605pt x 663.47874pt>
File: Figures_Tables/sir_1inf-eps-converted-to.pdf Graphic file (type pdf)
<use Figures_Tables/sir_1inf-eps-converted-to.pdf>
Package pdftex.def Info: Figures_Tables/sir_1inf-eps-converted-to.pdf used on i
nput line 178.
(pdftex.def)             Requested size: 493.03326pt x 265.3868pt.
Package epstopdf Info: Source file: <Figures_Tables/sir_2inf.eps>
(epstopdf)                    date: 2017-06-30 17:51:26
(epstopdf)                    size: 53376 bytes
(epstopdf)             Output file: <Figures_Tables/sir_2inf-eps-converted-to.p
df>
(epstopdf)                    date: 2017-07-05 10:09:00
(epstopdf)                    size: 33848 bytes
(epstopdf)             Command: <repstopdf --outfile=Figures_Tables/sir_2inf-ep
s-converted-to.pdf Figures_Tables/sir_2inf.eps>
(epstopdf)             \includegraphics on input line 180.
Package epstopdf Info: Output file is already uptodate.

<Figures_Tables/sir_2inf-eps-converted-to.pdf, id=33, 1232.605pt x 663.47874pt>
File: Figures_Tables/sir_2inf-eps-converted-to.pdf Graphic file (type pdf)
<use Figures_Tables/sir_2inf-eps-converted-to.pdf>
Package pdftex.def Info: Figures_Tables/sir_2inf-eps-converted-to.pdf used on i
nput line 180.
(pdftex.def)             Requested size: 493.03326pt x 265.3868pt.

Overfull \hbox (93.34998pt too wide) in paragraph at lines 177--181
[]|  []
 []


Overfull \hbox (93.34998pt too wide) in paragraph at lines 177--181
|  [] 
 []

Package epstopdf Info: Source file: <Figures_Tables/sir_12inf.eps>
(epstopdf)                    date: 2017-06-30 17:44:46
(epstopdf)                    size: 54273 bytes
(epstopdf)             Output file: <Figures_Tables/sir_12inf-eps-converted-to.
pdf>
(epstopdf)                    date: 2017-07-05 10:19:58
(epstopdf)                    size: 34039 bytes
(epstopdf)             Command: <repstopdf --outfile=Figures_Tables/sir_12inf-e
ps-converted-to.pdf Figures_Tables/sir_12inf.eps>
(epstopdf)             \includegraphics on input line 184.
Package epstopdf Info: Output file is already uptodate.

<Figures_Tables/sir_12inf-eps-converted-to.pdf, id=34, 1232.605pt x 663.47874pt
>
File: Figures_Tables/sir_12inf-eps-converted-to.pdf Graphic file (type pdf)
 <use Figures_Tables/sir_12inf-eps-converted-to.pdf>
Package pdftex.def Info: Figures_Tables/sir_12inf-eps-converted-to.pdf used on 
input line 184.
(pdftex.def)             Requested size: 493.03326pt x 265.3868pt.

Overfull \hbox (93.34998pt too wide) in paragraph at lines 183--185
[]|  [] 
 []

[5] [6 <./Figures_Tables/sir_1inf-eps-converted-to.pdf> <./Figures_Tables/sir_2
inf-eps-converted-to.pdf>]
Package epstopdf Info: Source file: <Figures_Tables/seir_1inf.eps>
(epstopdf)                    date: 2017-07-05 17:37:09
(epstopdf)                    size: 54526 bytes
(epstopdf)             Output file: <Figures_Tables/seir_1inf-eps-converted-to.
pdf>
(epstopdf)                    date: 2017-07-05 17:45:30
(epstopdf)                    size: 34661 bytes
(epstopdf)             Command: <repstopdf --outfile=Figures_Tables/seir_1inf-e
ps-converted-to.pdf Figures_Tables/seir_1inf.eps>
(epstopdf)             \includegraphics on input line 196.
Package epstopdf Info: Output file is already uptodate.

<Figures_Tables/seir_1inf-eps-converted-to.pdf, id=160, 1232.605pt x 663.47874p
t>
File: Figures_Tables/seir_1inf-eps-converted-to.pdf Graphic file (type pdf)
 <use Figures_Tables/seir_1inf-eps-converted-to.pdf>
Package pdftex.def Info: Figures_Tables/seir_1inf-eps-converted-to.pdf used on 
input line 196.
(pdftex.def)             Requested size: 493.03326pt x 265.3868pt.
Package epstopdf Info: Source file: <Figures_Tables/seir_2inf.eps>
(epstopdf)                    date: 2017-07-05 17:40:47
(epstopdf)                    size: 54526 bytes
(epstopdf)             Output file: <Figures_Tables/seir_2inf-eps-converted-to.
pdf>
(epstopdf)                    date: 2017-07-05 17:45:31
(epstopdf)                    size: 34681 bytes
(epstopdf)             Command: <repstopdf --outfile=Figures_Tables/seir_2inf-e
ps-converted-to.pdf Figures_Tables/seir_2inf.eps>
(epstopdf)             \includegraphics on input line 198.
Package epstopdf Info: Output file is already uptodate.

<Figures_Tables/seir_2inf-eps-converted-to.pdf, id=161, 1232.605pt x 663.47874p
t>
File: Figures_Tables/seir_2inf-eps-converted-to.pdf Graphic file (type pdf)
 <use Figures_Tables/seir_2inf-eps-converted-to.pdf>
Package pdftex.def Info: Figures_Tables/seir_2inf-eps-converted-to.pdf used on 
input line 198.
(pdftex.def)             Requested size: 493.03326pt x 265.3868pt.

Overfull \hbox (93.34998pt too wide) in paragraph at lines 195--199
[]|  []
 []


Overfull \hbox (93.34998pt too wide) in paragraph at lines 195--199
|  [] 
 []


Overfull \hbox (18.47047pt too wide) in paragraph at lines 189--199
\OT1/cmr/m/n/10 Individual $\OML/cmm/m/it/10 R[]$ \OT1/cmr/m/n/10 of the set-tl
e-ments were cal-cu-lated us-ing the-o-rit-i-cal for-mula $[]$.
 []

Package epstopdf Info: Source file: <Figures_Tables/seir_21inf.eps>
(epstopdf)                    date: 2017-07-05 17:40:06
(epstopdf)                    size: 55422 bytes
(epstopdf)             Output file: <Figures_Tables/seir_21inf-eps-converted-to
.pdf>
(epstopdf)                    date: 2017-07-05 17:45:31
(epstopdf)                    size: 34867 bytes
(epstopdf)             Command: <repstopdf --outfile=Figures_Tables/seir_21inf-
eps-converted-to.pdf Figures_Tables/seir_21inf.eps>
(epstopdf)             \includegraphics on input line 202.
Package epstopdf Info: Output file is already uptodate.

<Figures_Tables/seir_21inf-eps-converted-to.pdf, id=162, 1232.605pt x 663.47874
pt>
File: Figures_Tables/seir_21inf-eps-converted-to.pdf Graphic file (type pdf)
 <use Figures_Tables/seir_21inf-eps-converted-to.pdf>
Package pdftex.def Info: Figures_Tables/seir_21inf-eps-converted-to.pdf used on
 input line 202.
(pdftex.def)             Requested size: 493.03326pt x 265.3868pt.

Overfull \hbox (93.34998pt too wide) in paragraph at lines 201--203
[]|  [] 
 []

[7 <./Figures_Tables/sir_12inf-eps-converted-to.pdf>] [8 <./Figures_Tables/seir
_1inf-eps-converted-to.pdf> <./Figures_Tables/seir_2inf-eps-converted-to.pdf>]
[9 <./Figures_Tables/seir_21inf-eps-converted-to.pdf>] (./paper.aux)

LaTeX Warning: There were multiply-defined labels.

 ) 
Here is how much of TeX's memory you used:
 2198 strings out of 493105
 30474 string characters out of 6137072
 96706 words of memory out of 5000000
 5639 multiletter control sequences out of 15000+600000
 9988 words of font info for 36 fonts, out of 8000000 for 9000
 1141 hyphenation exceptions out of 8191
 38i,9n,23p,237b,225s stack positions out of 5000i,500n,10000p,200000b,80000s
</usr/share/texlive/texmf-dist/fonts/type1/public/amsfonts/cm/cmbx10.pfb></us
r/share/texlive/texmf-dist/fonts/type1/public/amsfonts/cm/cmbx12.pfb></usr/shar
e/texlive/texmf-dist/fonts/type1/public/amsfonts/cm/cmmi10.pfb></usr/share/texl
ive/texmf-dist/fonts/type1/public/amsfonts/cm/cmmi5.pfb></usr/share/texlive/tex
mf-dist/fonts/type1/public/amsfonts/cm/cmmi7.pfb></usr/share/texlive/texmf-dist
/fonts/type1/public/amsfonts/cm/cmr10.pfb></usr/share/texlive/texmf-dist/fonts/
type1/public/amsfonts/cm/cmr12.pfb></usr/share/texlive/texmf-dist/fonts/type1/p
ublic/amsfonts/cm/cmr17.pfb></usr/share/texlive/texmf-dist/fonts/type1/public/a
msfonts/cm/cmr5.pfb></usr/share/texlive/texmf-dist/fonts/type1/public/amsfonts/
cm/cmr7.pfb></usr/share/texlive/texmf-dist/fonts/type1/public/amsfonts/cm/cmsy1
0.pfb></usr/share/texlive/texmf-dist/fonts/type1/public/amsfonts/cm/cmti10.pfb>

Output written on paper.pdf (9 pages, 345456 bytes).
PDF statistics:
 454 PDF objects out of 1000 (max. 8388607)
 122 compressed objects within 2 object streams
 0 named destinations out of 1000 (max. 500000)
 41 words of extra memory for PDF output out of 10000 (max. 10000000)

